2015-10-19 13:18:59.387  INFO 9132 --- [main] com.lc.platform.system.Application       : Starting Application on forever with PID 9132 (D:\git\lc-platform\lc-platform-system\target\test-classes started by chenjun in D:\git\lc-platform\lc-platform-system)
2015-10-19 13:18:59.627  INFO 9132 --- [main] ationConfigEmbeddedWebApplicationContext : Refreshing org.springframework.boot.context.embedded.AnnotationConfigEmbeddedWebApplicationContext@6e467a3b: startup date [Mon Oct 19 13:18:59 CST 2015]; root of context hierarchy
2015-10-19 13:19:05.135  INFO 9132 --- [main] o.s.b.f.s.DefaultListableBeanFactory     : Overriding bean definition for bean 'beanNameViewResolver': replacing [Root bean: class [null]; scope=; abstract=false; lazyInit=false; autowireMode=3; dependencyCheck=0; autowireCandidate=true; primary=false; factoryBeanName=org.springframework.boot.autoconfigure.web.ErrorMvcAutoConfiguration$WhitelabelErrorViewConfiguration; factoryMethodName=beanNameViewResolver; initMethodName=null; destroyMethodName=(inferred); defined in class path resource [org/springframework/boot/autoconfigure/web/ErrorMvcAutoConfiguration$WhitelabelErrorViewConfiguration.class]] with [Root bean: class [null]; scope=; abstract=false; lazyInit=false; autowireMode=3; dependencyCheck=0; autowireCandidate=true; primary=false; factoryBeanName=org.springframework.boot.autoconfigure.web.WebMvcAutoConfiguration$WebMvcAutoConfigurationAdapter; factoryMethodName=beanNameViewResolver; initMethodName=null; destroyMethodName=(inferred); defined in class path resource [org/springframework/boot/autoconfigure/web/WebMvcAutoConfiguration$WebMvcAutoConfigurationAdapter.class]]
2015-10-19 13:19:08.253  INFO 9132 --- [main] trationDelegate$BeanPostProcessorChecker : Bean 'org.springframework.transaction.annotation.ProxyTransactionManagementConfiguration' of type [class org.springframework.transaction.annotation.ProxyTransactionManagementConfiguration$$EnhancerBySpringCGLIB$$dc7994b4] is not eligible for getting processed by all BeanPostProcessors (for example: not eligible for auto-proxying)
2015-10-19 13:19:08.341  INFO 9132 --- [main] trationDelegate$BeanPostProcessorChecker : Bean 'transactionAttributeSource' of type [class org.springframework.transaction.annotation.AnnotationTransactionAttributeSource] is not eligible for getting processed by all BeanPostProcessors (for example: not eligible for auto-proxying)
2015-10-19 13:19:08.375  INFO 9132 --- [main] trationDelegate$BeanPostProcessorChecker : Bean 'transactionInterceptor' of type [class org.springframework.transaction.interceptor.TransactionInterceptor] is not eligible for getting processed by all BeanPostProcessors (for example: not eligible for auto-proxying)
2015-10-19 13:19:08.394  INFO 9132 --- [main] trationDelegate$BeanPostProcessorChecker : Bean 'org.springframework.transaction.config.internalTransactionAdvisor' of type [class org.springframework.transaction.interceptor.BeanFactoryTransactionAttributeSourceAdvisor] is not eligible for getting processed by all BeanPostProcessors (for example: not eligible for auto-proxying)
2015-10-19 13:19:10.918  INFO 9132 --- [main] s.b.c.e.t.TomcatEmbeddedServletContainer : Tomcat initialized with port(s): 80 (http)
2015-10-19 13:19:11.735  INFO 9132 --- [main] o.apache.catalina.core.StandardService   : Starting service Tomcat
2015-10-19 13:19:11.740  INFO 9132 --- [main] org.apache.catalina.core.StandardEngine  : Starting Servlet Engine: Apache Tomcat/8.0.23
2015-10-19 13:19:12.267  INFO 9132 --- [localhost-startStop-1] o.a.c.c.C.[Tomcat].[localhost].[/]       : Initializing Spring embedded WebApplicationContext
2015-10-19 13:19:12.268  INFO 9132 --- [localhost-startStop-1] o.s.web.context.ContextLoader            : Root WebApplicationContext: initialization completed in 12648 ms
2015-10-19 13:19:18.084  INFO 9132 --- [localhost-startStop-1] j.LocalContainerEntityManagerFactoryBean : Building JPA container EntityManagerFactory for persistence unit 'default'
2015-10-19 13:19:18.126  INFO 9132 --- [localhost-startStop-1] o.hibernate.jpa.internal.util.LogHelper  : HHH000204: Processing PersistenceUnitInfo [
	name: default
	...]
2015-10-19 13:19:18.527  INFO 9132 --- [localhost-startStop-1] org.hibernate.Version                    : HHH000412: Hibernate Core {4.3.10.Final}
2015-10-19 13:19:18.537  INFO 9132 --- [localhost-startStop-1] org.hibernate.cfg.Environment            : HHH000206: hibernate.properties not found
2015-10-19 13:19:18.544  INFO 9132 --- [localhost-startStop-1] org.hibernate.cfg.Environment            : HHH000021: Bytecode provider name : javassist
2015-10-19 13:19:19.430  INFO 9132 --- [localhost-startStop-1] o.hibernate.annotations.common.Version   : HCANN000001: Hibernate Commons Annotations {4.0.5.Final}
2015-10-19 13:19:20.797  INFO 9132 --- [localhost-startStop-1] org.hibernate.dialect.Dialect            : HHH000400: Using dialect: org.hibernate.dialect.MySQL5Dialect
2015-10-19 13:19:21.495  WARN 9132 --- [localhost-startStop-1] org.hibernate.mapping.RootClass          : HHH000038: Composite-id class does not override equals(): com.lc.platform.system.domain.RoleInherit
2015-10-19 13:19:21.496  WARN 9132 --- [localhost-startStop-1] org.hibernate.mapping.RootClass          : HHH000039: Composite-id class does not override hashCode(): com.lc.platform.system.domain.RoleInherit
2015-10-19 13:19:21.529  INFO 9132 --- [localhost-startStop-1] o.h.h.i.ast.ASTQueryTranslatorFactory    : HHH000397: Using ASTQueryTranslatorFactory
2015-10-19 13:19:23.900  INFO 9132 --- [localhost-startStop-1] org.hibernate.tool.hbm2ddl.SchemaUpdate  : HHH000228: Running hbm2ddl schema update
2015-10-19 13:19:23.901  INFO 9132 --- [localhost-startStop-1] org.hibernate.tool.hbm2ddl.SchemaUpdate  : HHH000102: Fetching database metadata
2015-10-19 13:19:23.908  INFO 9132 --- [localhost-startStop-1] org.hibernate.tool.hbm2ddl.SchemaUpdate  : HHH000396: Updating schema
2015-10-19 13:19:24.024  INFO 9132 --- [localhost-startStop-1] o.hibernate.tool.hbm2ddl.TableMetadata   : HHH000261: Table found: platform.sys_dept
2015-10-19 13:19:24.025  INFO 9132 --- [localhost-startStop-1] o.hibernate.tool.hbm2ddl.TableMetadata   : HHH000037: Columns: [id, deptorder, bz, deptcode, createdate, parentid, leaf, deptname]
2015-10-19 13:19:24.026  INFO 9132 --- [localhost-startStop-1] o.hibernate.tool.hbm2ddl.TableMetadata   : HHH000108: Foreign keys: []
2015-10-19 13:19:24.028  INFO 9132 --- [localhost-startStop-1] o.hibernate.tool.hbm2ddl.TableMetadata   : HHH000126: Indexes: [primary]
2015-10-19 13:19:24.063  INFO 9132 --- [localhost-startStop-1] o.hibernate.tool.hbm2ddl.TableMetadata   : HHH000261: Table found: platform.sys_dict
2015-10-19 13:19:24.064  INFO 9132 --- [localhost-startStop-1] o.hibernate.tool.hbm2ddl.TableMetadata   : HHH000037: Columns: [id, numbercode, dictdesc, defaultval, dictorder, codename, jianpin, createdate, lettercode, parentid, leaf, pinyin, codetype]
2015-10-19 13:19:24.065  INFO 9132 --- [localhost-startStop-1] o.hibernate.tool.hbm2ddl.TableMetadata   : HHH000108: Foreign keys: []
2015-10-19 13:19:24.065  INFO 9132 --- [localhost-startStop-1] o.hibernate.tool.hbm2ddl.TableMetadata   : HHH000126: Indexes: [primary]
2015-10-19 13:19:24.109  INFO 9132 --- [localhost-startStop-1] o.hibernate.tool.hbm2ddl.TableMetadata   : HHH000261: Table found: platform.sys_menu
2015-10-19 13:19:24.110  INFO 9132 --- [localhost-startStop-1] o.hibernate.tool.hbm2ddl.TableMetadata   : HHH000037: Columns: [menulevel, bz, menuorder, menuid, menuimage, userid, createdate, permcode, parentid, menuval, image48, desktopnumber, menuname, menutype, showwidth, showheight]
2015-10-19 13:19:24.110  INFO 9132 --- [localhost-startStop-1] o.hibernate.tool.hbm2ddl.TableMetadata   : HHH000108: Foreign keys: []
2015-10-19 13:19:24.111  INFO 9132 --- [localhost-startStop-1] o.hibernate.tool.hbm2ddl.TableMetadata   : HHH000126: Indexes: [primary]
2015-10-19 13:19:24.164  INFO 9132 --- [localhost-startStop-1] o.hibernate.tool.hbm2ddl.TableMetadata   : HHH000261: Table found: platform.sys_perm
2015-10-19 13:19:24.165  INFO 9132 --- [localhost-startStop-1] o.hibernate.tool.hbm2ddl.TableMetadata   : HHH000037: Columns: [id, permname, permdesc, menuid]
2015-10-19 13:19:24.166  INFO 9132 --- [localhost-startStop-1] o.hibernate.tool.hbm2ddl.TableMetadata   : HHH000108: Foreign keys: []
2015-10-19 13:19:24.167  INFO 9132 --- [localhost-startStop-1] o.hibernate.tool.hbm2ddl.TableMetadata   : HHH000126: Indexes: [primary]
2015-10-19 13:19:24.206  INFO 9132 --- [localhost-startStop-1] o.hibernate.tool.hbm2ddl.TableMetadata   : HHH000261: Table found: platform.sys_role
2015-10-19 13:19:24.206  INFO 9132 --- [localhost-startStop-1] o.hibernate.tool.hbm2ddl.TableMetadata   : HHH000037: Columns: [id, roledesc, rolename, rolestatus]
2015-10-19 13:19:24.207  INFO 9132 --- [localhost-startStop-1] o.hibernate.tool.hbm2ddl.TableMetadata   : HHH000108: Foreign keys: []
2015-10-19 13:19:24.208  INFO 9132 --- [localhost-startStop-1] o.hibernate.tool.hbm2ddl.TableMetadata   : HHH000126: Indexes: [primary]
2015-10-19 13:19:24.250  INFO 9132 --- [localhost-startStop-1] o.hibernate.tool.hbm2ddl.TableMetadata   : HHH000261: Table found: platform.sys_role_inherit
2015-10-19 13:19:24.251  INFO 9132 --- [localhost-startStop-1] o.hibernate.tool.hbm2ddl.TableMetadata   : HHH000037: Columns: [childid, fartherid]
2015-10-19 13:19:24.252  INFO 9132 --- [localhost-startStop-1] o.hibernate.tool.hbm2ddl.TableMetadata   : HHH000108: Foreign keys: [fk_f8h9gjt7q7qdhg1q68cjvl4m6, fk_gatap7wrw8twh0kbklrkfgeca]
2015-10-19 13:19:24.253  INFO 9132 --- [localhost-startStop-1] o.hibernate.tool.hbm2ddl.TableMetadata   : HHH000126: Indexes: [primary, fk_gatap7wrw8twh0kbklrkfgeca]
2015-10-19 13:19:24.310  INFO 9132 --- [localhost-startStop-1] o.hibernate.tool.hbm2ddl.TableMetadata   : HHH000261: Table found: platform.sys_role_perm
2015-10-19 13:19:24.311  INFO 9132 --- [localhost-startStop-1] o.hibernate.tool.hbm2ddl.TableMetadata   : HHH000037: Columns: [id, roleid, permid]
2015-10-19 13:19:24.312  INFO 9132 --- [localhost-startStop-1] o.hibernate.tool.hbm2ddl.TableMetadata   : HHH000108: Foreign keys: [fk_is5ehgn40nl1bh82efsp5v8f]
2015-10-19 13:19:24.312  INFO 9132 --- [localhost-startStop-1] o.hibernate.tool.hbm2ddl.TableMetadata   : HHH000126: Indexes: [primary, fk_is5ehgn40nl1bh82efsp5v8f]
2015-10-19 13:19:24.363  INFO 9132 --- [localhost-startStop-1] o.hibernate.tool.hbm2ddl.TableMetadata   : HHH000261: Table found: platform.sys_user
2015-10-19 13:19:24.364  INFO 9132 --- [localhost-startStop-1] o.hibernate.tool.hbm2ddl.TableMetadata   : HHH000037: Columns: [credentialsnonexpired, enabled, accountnonexpired, roleinfo, accountlocked, xm, superadmin, userid, createdate, password, delstatus, username, deptinfo, email, jianpin, headimage24, pinyin]
2015-10-19 13:19:24.365  INFO 9132 --- [localhost-startStop-1] o.hibernate.tool.hbm2ddl.TableMetadata   : HHH000108: Foreign keys: []
2015-10-19 13:19:24.366  INFO 9132 --- [localhost-startStop-1] o.hibernate.tool.hbm2ddl.TableMetadata   : HHH000126: Indexes: [uk_ahtq5ew3v0kt1n7hf1sgp7p8l, primary, uk_51bvuyvihefoh4kp5syh2jpi4]
2015-10-19 13:19:24.439  INFO 9132 --- [localhost-startStop-1] o.hibernate.tool.hbm2ddl.TableMetadata   : HHH000261: Table found: platform.sys_user_dept
2015-10-19 13:19:24.440  INFO 9132 --- [localhost-startStop-1] o.hibernate.tool.hbm2ddl.TableMetadata   : HHH000037: Columns: [id, deptid, userid]
2015-10-19 13:19:24.440  INFO 9132 --- [localhost-startStop-1] o.hibernate.tool.hbm2ddl.TableMetadata   : HHH000108: Foreign keys: [fk_lhb5a3yf2po8wxcsa2nt0f3vp, fk_hqg4mnuqboiurai7malk9f30w]
2015-10-19 13:19:24.441  INFO 9132 --- [localhost-startStop-1] o.hibernate.tool.hbm2ddl.TableMetadata   : HHH000126: Indexes: [fk_lhb5a3yf2po8wxcsa2nt0f3vp, primary, fk_hqg4mnuqboiurai7malk9f30w]
2015-10-19 13:19:24.477  INFO 9132 --- [localhost-startStop-1] o.hibernate.tool.hbm2ddl.TableMetadata   : HHH000261: Table found: platform.sys_user_role
2015-10-19 13:19:24.477  INFO 9132 --- [localhost-startStop-1] o.hibernate.tool.hbm2ddl.TableMetadata   : HHH000037: Columns: [id, roleid, userid]
2015-10-19 13:19:24.478  INFO 9132 --- [localhost-startStop-1] o.hibernate.tool.hbm2ddl.TableMetadata   : HHH000108: Foreign keys: [fk_pvdaavr91tnlrmeg3t7o12gin, fk_8uk74b467ws5k8xi7ivekvx5e]
2015-10-19 13:19:24.479  INFO 9132 --- [localhost-startStop-1] o.hibernate.tool.hbm2ddl.TableMetadata   : HHH000126: Indexes: [fk_pvdaavr91tnlrmeg3t7o12gin, fk_8uk74b467ws5k8xi7ivekvx5e, primary]
2015-10-19 13:19:24.482  INFO 9132 --- [localhost-startStop-1] org.hibernate.tool.hbm2ddl.SchemaUpdate  : HHH000232: Schema update complete
2015-10-19 13:19:27.949  INFO 9132 --- [localhost-startStop-1] o.s.s.web.DefaultSecurityFilterChain     : Creating filter chain: Ant [pattern='/**/*.css'], []
2015-10-19 13:19:27.950  INFO 9132 --- [localhost-startStop-1] o.s.s.web.DefaultSecurityFilterChain     : Creating filter chain: Ant [pattern='/**/*.js'], []
2015-10-19 13:19:27.950  INFO 9132 --- [localhost-startStop-1] o.s.s.web.DefaultSecurityFilterChain     : Creating filter chain: Ant [pattern='/**/images/**'], []
2015-10-19 13:19:27.950  INFO 9132 --- [localhost-startStop-1] o.s.s.web.DefaultSecurityFilterChain     : Creating filter chain: Ant [pattern='/**/authfailure'], []
2015-10-19 13:19:27.951  INFO 9132 --- [localhost-startStop-1] o.s.s.web.DefaultSecurityFilterChain     : Creating filter chain: Ant [pattern='/**/invalidsession'], []
2015-10-19 13:19:28.086  INFO 9132 --- [localhost-startStop-1] o.s.s.web.DefaultSecurityFilterChain     : Creating filter chain: org.springframework.security.web.util.matcher.AnyRequestMatcher@1, [org.springframework.security.web.context.request.async.WebAsyncManagerIntegrationFilter@4d3e2475, org.springframework.security.web.context.SecurityContextPersistenceFilter@474f05bb, org.springframework.security.web.header.HeaderWriterFilter@5b5bfb68, org.springframework.security.web.authentication.logout.LogoutFilter@7388661b, org.springframework.security.web.authentication.UsernamePasswordAuthenticationFilter@6ceb51a8, org.springframework.security.web.savedrequest.RequestCacheAwareFilter@c63fcb6, org.springframework.security.web.servletapi.SecurityContextHolderAwareRequestFilter@78641714, org.springframework.security.web.authentication.AnonymousAuthenticationFilter@2acba4f1, org.springframework.security.web.session.SessionManagementFilter@d81a42f, org.springframework.security.web.access.ExceptionTranslationFilter@2857382c, org.springframework.security.web.access.intercept.FilterSecurityInterceptor@ae3590e]
2015-10-19 13:19:28.398  INFO 9132 --- [localhost-startStop-1] o.s.b.c.e.ServletRegistrationBean        : Mapping servlet: 'dispatcherServlet' to [/]
2015-10-19 13:19:28.420  INFO 9132 --- [localhost-startStop-1] o.s.b.c.embedded.FilterRegistrationBean  : Mapping filter: 'characterEncodingFilter' to: [/*]
2015-10-19 13:19:28.422  INFO 9132 --- [localhost-startStop-1] o.s.b.c.embedded.FilterRegistrationBean  : Mapping filter: 'hiddenHttpMethodFilter' to: [/*]
2015-10-19 13:19:28.422  INFO 9132 --- [localhost-startStop-1] o.s.b.c.embedded.FilterRegistrationBean  : Mapping filter: 'springSecurityFilterChain' to: [/*]
2015-10-19 13:19:30.339  INFO 9132 --- [main] s.w.s.m.m.a.RequestMappingHandlerAdapter : Looking for @ControllerAdvice: org.springframework.boot.context.embedded.AnnotationConfigEmbeddedWebApplicationContext@6e467a3b: startup date [Mon Oct 19 13:18:59 CST 2015]; root of context hierarchy
2015-10-19 13:19:30.652  INFO 9132 --- [main] s.w.s.m.m.a.RequestMappingHandlerMapping : Mapped "{[/system/depts/create],methods=[POST]}" onto public com.lc.platform.commons.spring.Message com.lc.platform.system.controller.DeptController.create(com.lc.platform.system.domain.Dept) throws java.lang.Exception
2015-10-19 13:19:30.653  INFO 9132 --- [main] s.w.s.m.m.a.RequestMappingHandlerMapping : Mapped "{[/system/depts/delete],methods=[POST]}" onto public com.lc.platform.commons.spring.Message com.lc.platform.system.controller.DeptController.delete(java.lang.String) throws java.lang.Exception
2015-10-19 13:19:30.657  INFO 9132 --- [main] s.w.s.m.m.a.RequestMappingHandlerMapping : Mapped "{[/system/depts/tree]}" onto public java.util.List<com.lc.platform.ztree.TreeNode> com.lc.platform.system.controller.DeptController.tree(java.lang.String)
2015-10-19 13:19:30.658  INFO 9132 --- [main] s.w.s.m.m.a.RequestMappingHandlerMapping : Mapped "{[/system/depts/update],methods=[POST]}" onto public com.lc.platform.commons.spring.Message com.lc.platform.system.controller.DeptController.update(com.lc.platform.system.domain.Dept) throws java.lang.Exception
2015-10-19 13:19:30.659  INFO 9132 --- [main] s.w.s.m.m.a.RequestMappingHandlerMapping : Mapped "{[/system/depts/move],methods=[POST]}" onto public com.lc.platform.commons.spring.Message com.lc.platform.system.controller.DeptController.move(java.lang.String,java.lang.String) throws java.lang.Exception
2015-10-19 13:19:30.663  INFO 9132 --- [main] s.w.s.m.m.a.RequestMappingHandlerMapping : Mapped "{[/system/dicts/create],methods=[POST]}" onto public com.lc.platform.commons.spring.Message com.lc.platform.system.controller.DictController.create(com.lc.platform.system.domain.Dict)
2015-10-19 13:19:30.664  INFO 9132 --- [main] s.w.s.m.m.a.RequestMappingHandlerMapping : Mapped "{[/system/dicts/delete],methods=[POST]}" onto public com.lc.platform.commons.spring.Message com.lc.platform.system.controller.DictController.delete(java.lang.String)
2015-10-19 13:19:30.665  INFO 9132 --- [main] s.w.s.m.m.a.RequestMappingHandlerMapping : Mapped "{[/system/dicts/reset],methods=[POST]}" onto public com.lc.platform.commons.spring.Message com.lc.platform.system.controller.DictController.reset(java.lang.String) throws java.lang.Exception
2015-10-19 13:19:30.666  INFO 9132 --- [main] s.w.s.m.m.a.RequestMappingHandlerMapping : Mapped "{[/system/dicts/data],methods=[GET]}" onto public java.util.List<com.lc.platform.system.domain.Dict> com.lc.platform.system.controller.DictController.data(java.lang.String) throws java.lang.Exception
2015-10-19 13:19:30.670  INFO 9132 --- [main] s.w.s.m.m.a.RequestMappingHandlerMapping : Mapped "{[/system/dicts],methods=[GET || POST]}" onto public java.util.List<com.lc.platform.system.vo.DictNode> com.lc.platform.system.controller.DictController.readDicts(java.lang.String) throws java.lang.Exception
2015-10-19 13:19:30.674  INFO 9132 --- [main] s.w.s.m.m.a.RequestMappingHandlerMapping : Mapped "{[/system/menus/create],methods=[POST]}" onto public com.lc.platform.commons.spring.Message com.lc.platform.system.controller.MenuController.create(com.lc.platform.system.domain.Menu)
2015-10-19 13:19:30.676  INFO 9132 --- [main] s.w.s.m.m.a.RequestMappingHandlerMapping : Mapped "{[/system/menus/delete],methods=[POST]}" onto public com.lc.platform.commons.spring.Message com.lc.platform.system.controller.MenuController.delete(com.lc.platform.system.domain.Menu) throws java.lang.Exception
2015-10-19 13:19:30.676  INFO 9132 --- [main] s.w.s.m.m.a.RequestMappingHandlerMapping : Mapped "{[/system/menus],methods=[POST || GET]}" onto public com.lc.platform.extjs.JsonReader com.lc.platform.system.controller.MenuController.readDesktopMenus(int,java.lang.String) throws java.lang.Exception
2015-10-19 13:19:30.677  INFO 9132 --- [main] s.w.s.m.m.a.RequestMappingHandlerMapping : Mapped "{[/system/menus/swapMenuOrder],methods=[POST]}" onto public com.lc.platform.commons.spring.Message com.lc.platform.system.controller.MenuController.swapMenuOrder(java.lang.String,java.lang.String) throws java.lang.Exception
2015-10-19 13:19:30.679  INFO 9132 --- [main] s.w.s.m.m.a.RequestMappingHandlerMapping : Mapped "{[/system/perms/tree]}" onto public java.util.List<com.lc.platform.ztree.TreeNode> com.lc.platform.system.controller.PermController.tree(java.lang.String[])
2015-10-19 13:19:30.684  INFO 9132 --- [main] s.w.s.m.m.a.RequestMappingHandlerMapping : Mapped "{[/system/roles/create],methods=[POST]}" onto public com.lc.platform.commons.spring.Message com.lc.platform.system.controller.RoleController.create(com.lc.platform.system.domain.Role) throws java.lang.Exception
2015-10-19 13:19:30.685  INFO 9132 --- [main] s.w.s.m.m.a.RequestMappingHandlerMapping : Mapped "{[/system/roles/batchDelete],methods=[POST]}" onto public com.lc.platform.commons.spring.Message com.lc.platform.system.controller.RoleController.batchDelete(java.lang.String[]) throws java.lang.Exception
2015-10-19 13:19:30.685  INFO 9132 --- [main] s.w.s.m.m.a.RequestMappingHandlerMapping : Mapped "{[/system/roles],methods=[GET || POST]}" onto public com.lc.platform.extjs.JsonReader com.lc.platform.system.controller.RoleController.readUsers(com.lc.platform.extjs.QueryParams,java.lang.String) throws java.lang.Exception
2015-10-19 13:19:30.686  INFO 9132 --- [main] s.w.s.m.m.a.RequestMappingHandlerMapping : Mapped "{[/system/roles/update],methods=[POST]}" onto public com.lc.platform.commons.spring.Message com.lc.platform.system.controller.RoleController.updateRole(com.lc.platform.system.domain.Role) throws java.lang.Exception
2015-10-19 13:19:30.687  INFO 9132 --- [main] s.w.s.m.m.a.RequestMappingHandlerMapping : Mapped "{[/system/roles/perms/update],methods=[POST]}" onto public com.lc.platform.commons.spring.Message com.lc.platform.system.controller.RoleController.permsUpdate(java.lang.String[],java.lang.String[],boolean) throws java.lang.Exception
2015-10-19 13:19:30.688  INFO 9132 --- [main] s.w.s.m.m.a.RequestMappingHandlerMapping : Mapped "{[/system/roles/batchUpdate],methods=[POST]}" onto public com.lc.platform.commons.spring.Message com.lc.platform.system.controller.RoleController.batchUpdate(com.lc.platform.system.domain.Role[]) throws java.lang.Exception
2015-10-19 13:19:30.697  INFO 9132 --- [main] s.w.s.m.m.a.RequestMappingHandlerMapping : Mapped "{[/system/view/{page:^[a-zA-Z0-9_]+$}],methods=[GET]}" onto public java.lang.String com.lc.platform.system.controller.SystemController.view(java.lang.String) throws java.lang.Exception
2015-10-19 13:19:30.699  INFO 9132 --- [main] s.w.s.m.m.a.RequestMappingHandlerMapping : Mapped "{[/system/invalidSession]}" onto public java.lang.String com.lc.platform.system.controller.SystemController.invalidSession(java.util.Map<java.lang.String, java.lang.Object>) throws java.lang.Exception
2015-10-19 13:19:30.700  INFO 9132 --- [main] s.w.s.m.m.a.RequestMappingHandlerMapping : Mapped "{[/system/authfailure]}" onto public com.lc.platform.commons.spring.Message com.lc.platform.system.controller.SystemController.authfailure() throws java.lang.Exception
2015-10-19 13:19:30.700  INFO 9132 --- [main] s.w.s.m.m.a.RequestMappingHandlerMapping : Mapped "{[/system/authsuccess]}" onto public com.lc.platform.commons.spring.Message com.lc.platform.system.controller.SystemController.authsuccess() throws java.lang.Exception
2015-10-19 13:19:30.707  INFO 9132 --- [main] s.w.s.m.m.a.RequestMappingHandlerMapping : Mapped "{[/system/users/create],methods=[POST]}" onto public com.lc.platform.commons.spring.Message com.lc.platform.system.controller.UserController.create(com.lc.platform.system.domain.User,java.lang.String[],java.lang.String[]) throws java.lang.Exception
2015-10-19 13:19:30.708  INFO 9132 --- [main] s.w.s.m.m.a.RequestMappingHandlerMapping : Mapped "{[/system/users/update],methods=[POST]}" onto public com.lc.platform.commons.spring.Message com.lc.platform.system.controller.UserController.update(com.lc.platform.system.domain.User) throws java.lang.Exception
2015-10-19 13:19:30.709  INFO 9132 --- [main] s.w.s.m.m.a.RequestMappingHandlerMapping : Mapped "{[/system/users/updatePassword],methods=[POST]}" onto public com.lc.platform.commons.spring.Message com.lc.platform.system.controller.UserController.updatePassword(java.lang.String,java.lang.String)
2015-10-19 13:19:30.710  INFO 9132 --- [main] s.w.s.m.m.a.RequestMappingHandlerMapping : Mapped "{[/system/users/headImageConvert],methods=[POST]}" onto public java.lang.String com.lc.platform.system.controller.UserController.headImageConvert(org.springframework.web.multipart.MultipartFile) throws java.lang.Exception
2015-10-19 13:19:30.711  INFO 9132 --- [main] s.w.s.m.m.a.RequestMappingHandlerMapping : Mapped "{[/system/users/checkedUserName],methods=[POST || GET]}" onto public java.lang.Object com.lc.platform.system.controller.UserController.checkedUserName(java.lang.String) throws java.lang.Exception
2015-10-19 13:19:30.712  INFO 9132 --- [main] s.w.s.m.m.a.RequestMappingHandlerMapping : Mapped "{[/system/users/dept/update],methods=[POST]}" onto public com.lc.platform.commons.spring.Message com.lc.platform.system.controller.UserController.updateDept(java.lang.String,java.lang.String,boolean) throws java.lang.Exception
2015-10-19 13:19:30.712  INFO 9132 --- [main] s.w.s.m.m.a.RequestMappingHandlerMapping : Mapped "{[/system/users/batchDelete],methods=[POST]}" onto public com.lc.platform.commons.spring.Message com.lc.platform.system.controller.UserController.batchDelete(java.lang.String[]) throws java.lang.Exception
2015-10-19 13:19:30.713  INFO 9132 --- [main] s.w.s.m.m.a.RequestMappingHandlerMapping : Mapped "{[/system/users],methods=[GET || POST]}" onto public com.lc.platform.extjs.JsonReader com.lc.platform.system.controller.UserController.readUsers(com.lc.platform.extjs.QueryParams) throws java.lang.Exception
2015-10-19 13:19:30.714  INFO 9132 --- [main] s.w.s.m.m.a.RequestMappingHandlerMapping : Mapped "{[/system/users/role/update],methods=[POST]}" onto public com.lc.platform.commons.spring.Message com.lc.platform.system.controller.UserController.updateRole(java.lang.String,java.lang.String,boolean) throws java.lang.Exception
2015-10-19 13:19:30.715  INFO 9132 --- [main] s.w.s.m.m.a.RequestMappingHandlerMapping : Mapped "{[/system/users/headinfo]}" onto public java.lang.String com.lc.platform.system.controller.UserController.headinfo() throws java.lang.Exception
2015-10-19 13:19:30.715  INFO 9132 --- [main] s.w.s.m.m.a.RequestMappingHandlerMapping : Mapped "{[/system/users/saveHeadPic],methods=[POST]}" onto public com.lc.platform.commons.spring.Message com.lc.platform.system.controller.UserController.headPic(int,int,int,int,java.lang.String,java.lang.String,java.lang.String) throws java.lang.Exception
2015-10-19 13:19:30.716  INFO 9132 --- [main] s.w.s.m.m.a.RequestMappingHandlerMapping : Mapped "{[/system/users/checkedEmail],methods=[POST || GET]}" onto public java.lang.Object com.lc.platform.system.controller.UserController.checkedEmail(java.lang.String) throws java.lang.Exception
2015-10-19 13:19:30.720  INFO 9132 --- [main] s.w.s.m.m.a.RequestMappingHandlerMapping : Mapped "{[/500]}" onto public java.lang.String com.lc.platform.spring.SpringController._500() throws java.lang.Exception
2015-10-19 13:19:30.721  INFO 9132 --- [main] s.w.s.m.m.a.RequestMappingHandlerMapping : Mapped "{[/404]}" onto public java.lang.String com.lc.platform.spring.SpringController._404() throws java.lang.Exception
2015-10-19 13:19:30.722  INFO 9132 --- [main] s.w.s.m.m.a.RequestMappingHandlerMapping : Mapped "{[/400]}" onto public java.lang.String com.lc.platform.spring.SpringController._400() throws java.lang.Exception
2015-10-19 13:19:30.724  INFO 9132 --- [main] s.w.s.m.m.a.RequestMappingHandlerMapping : Mapped "{[/bootstrap/view/{page:^[a-zA-Z0-9_]+$}],methods=[GET]}" onto public java.lang.String com.lc.platform.bootstrap.controller.BootstrapController.view(java.lang.String) throws java.lang.Exception
2015-10-19 13:19:30.730  INFO 9132 --- [main] s.w.s.m.m.a.RequestMappingHandlerMapping : Mapped "{[/error]}" onto public org.springframework.http.ResponseEntity<java.util.Map<java.lang.String, java.lang.Object>> org.springframework.boot.autoconfigure.web.BasicErrorController.error(javax.servlet.http.HttpServletRequest)
2015-10-19 13:19:30.731  INFO 9132 --- [main] s.w.s.m.m.a.RequestMappingHandlerMapping : Mapped "{[/error],produces=[text/html]}" onto public org.springframework.web.servlet.ModelAndView org.springframework.boot.autoconfigure.web.BasicErrorController.errorHtml(javax.servlet.http.HttpServletRequest)
2015-10-19 13:19:30.853  INFO 9132 --- [main] o.s.w.s.handler.SimpleUrlHandlerMapping  : Mapped URL path [/**] onto handler of type [class org.springframework.web.servlet.resource.ResourceHttpRequestHandler]
2015-10-19 13:19:30.854  INFO 9132 --- [main] o.s.w.s.handler.SimpleUrlHandlerMapping  : Mapped URL path [/webjars/**] onto handler of type [class org.springframework.web.servlet.resource.ResourceHttpRequestHandler]
2015-10-19 13:19:31.028  INFO 9132 --- [main] o.s.w.s.handler.SimpleUrlHandlerMapping  : Mapped URL path [/**/favicon.ico] onto handler of type [class org.springframework.web.servlet.resource.ResourceHttpRequestHandler]
2015-10-19 13:19:31.880  INFO 9132 --- [main] o.s.w.s.v.f.FreeMarkerConfigurer         : ClassTemplateLoader for Spring macros added to FreeMarker configuration
2015-10-19 13:19:32.358  INFO 9132 --- [main] o.s.j.e.a.AnnotationMBeanExporter        : Registering beans for JMX exposure on startup
2015-10-19 13:19:32.668  INFO 9132 --- [main] s.b.c.e.t.TomcatEmbeddedServletContainer : Tomcat started on port(s): 80 (http)
2015-10-19 13:19:32.681  INFO 9132 --- [main] com.lc.platform.system.Application       : Started Application in 34.558 seconds (JVM running for 36.419)
2015-10-19 13:20:54.112  INFO 9132 --- [http-nio-80-exec-1] o.a.c.c.C.[Tomcat].[localhost].[/]       : Initializing Spring FrameworkServlet 'dispatcherServlet'
2015-10-19 13:20:54.113  INFO 9132 --- [http-nio-80-exec-1] o.s.web.servlet.DispatcherServlet        : FrameworkServlet 'dispatcherServlet': initialization started
2015-10-19 13:20:54.194  INFO 9132 --- [http-nio-80-exec-1] o.s.web.servlet.DispatcherServlet        : FrameworkServlet 'dispatcherServlet': initialization completed in 79 ms
2015-10-19 13:20:57.981  INFO 9132 --- [http-nio-80-exec-1] c.l.p.s.service.impl.UserServiceImpl     : 用户 admin 没有授予任何权限
